<?xml version="1.0" encoding="UTF-8"?>
<testsuite name="com.agencyplatform.springboot.domain.auction.AuctionRepositoryTest" tests="1" skipped="0" failures="0" errors="0" timestamp="2020-03-11T05:26:57" hostname="DESKTOP-TVSEPIB" time="0.47">
  <properties/>
  <testcase name="auction_jpa_test" classname="com.agencyplatform.springboot.domain.auction.AuctionRepositoryTest" time="0.47"/>
  <system-out><![CDATA[14:26:49.176 [Test worker] DEBUG org.springframework.test.context.junit4.SpringJUnit4ClassRunner - SpringJUnit4ClassRunner constructor called with [class com.agencyplatform.springboot.domain.auction.AuctionRepositoryTest]
14:26:49.176 [Test worker] DEBUG org.springframework.test.context.BootstrapUtils - Instantiating CacheAwareContextLoaderDelegate from class [org.springframework.test.context.cache.DefaultCacheAwareContextLoaderDelegate]
14:26:49.191 [Test worker] DEBUG org.springframework.test.context.BootstrapUtils - Instantiating BootstrapContext using constructor [public org.springframework.test.context.support.DefaultBootstrapContext(java.lang.Class,org.springframework.test.context.CacheAwareContextLoaderDelegate)]
14:26:49.207 [Test worker] DEBUG org.springframework.test.context.BootstrapUtils - Instantiating TestContextBootstrapper for test class [com.agencyplatform.springboot.domain.auction.AuctionRepositoryTest] from class [org.springframework.boot.test.context.SpringBootTestContextBootstrapper]
14:26:49.238 [Test worker] INFO org.springframework.boot.test.context.SpringBootTestContextBootstrapper - Neither @ContextConfiguration nor @ContextHierarchy found for test class [com.agencyplatform.springboot.domain.auction.AuctionRepositoryTest], using SpringBootContextLoader
14:26:49.238 [Test worker] DEBUG org.springframework.test.context.support.AbstractContextLoader - Did not detect default resource location for test class [com.agencyplatform.springboot.domain.auction.AuctionRepositoryTest]: class path resource [com/agencyplatform/springboot/domain/auction/AuctionRepositoryTest-context.xml] does not exist
14:26:49.238 [Test worker] DEBUG org.springframework.test.context.support.AbstractContextLoader - Did not detect default resource location for test class [com.agencyplatform.springboot.domain.auction.AuctionRepositoryTest]: class path resource [com/agencyplatform/springboot/domain/auction/AuctionRepositoryTestContext.groovy] does not exist
14:26:49.238 [Test worker] INFO org.springframework.test.context.support.AbstractContextLoader - Could not detect default resource locations for test class [com.agencyplatform.springboot.domain.auction.AuctionRepositoryTest]: no resource found for suffixes {-context.xml, Context.groovy}.
14:26:49.238 [Test worker] INFO org.springframework.test.context.support.AnnotationConfigContextLoaderUtils - Could not detect default configuration classes for test class [com.agencyplatform.springboot.domain.auction.AuctionRepositoryTest]: AuctionRepositoryTest does not declare any static, non-private, non-final, nested classes annotated with @Configuration.
14:26:49.292 [Test worker] DEBUG org.springframework.test.context.support.ActiveProfilesUtils - Could not find an 'annotation declaring class' for annotation type [org.springframework.test.context.ActiveProfiles] and class [com.agencyplatform.springboot.domain.auction.AuctionRepositoryTest]
14:26:49.407 [Test worker] DEBUG org.springframework.context.annotation.ClassPathScanningCandidateComponentProvider - Identified candidate component class: file [C:\DEV\workspaces\spring-boot-agency-service\build\classes\java\main\com\agencyplatform\springboot\Application.class]
14:26:49.407 [Test worker] INFO org.springframework.boot.test.context.SpringBootTestContextBootstrapper - Found @SpringBootConfiguration com.agencyplatform.springboot.Application for test class com.agencyplatform.springboot.domain.auction.AuctionRepositoryTest
14:26:49.561 [Test worker] DEBUG org.springframework.boot.test.context.SpringBootTestContextBootstrapper - @TestExecutionListeners is not present for class [com.agencyplatform.springboot.domain.auction.AuctionRepositoryTest]: using defaults.
14:26:49.561 [Test worker] INFO org.springframework.boot.test.context.SpringBootTestContextBootstrapper - Loaded default TestExecutionListener class names from location [META-INF/spring.factories]: [org.springframework.security.test.context.support.WithSecurityContextTestExecutionListener, org.springframework.security.test.context.support.ReactorContextTestExecutionListener, org.springframework.boot.test.autoconfigure.restdocs.RestDocsTestExecutionListener, org.springframework.boot.test.autoconfigure.web.client.MockRestServiceServerResetTestExecutionListener, org.springframework.boot.test.autoconfigure.web.servlet.MockMvcPrintOnlyOnFailureTestExecutionListener, org.springframework.boot.test.autoconfigure.web.servlet.WebDriverTestExecutionListener, org.springframework.boot.test.mock.mockito.MockitoTestExecutionListener, org.springframework.boot.test.mock.mockito.ResetMocksTestExecutionListener, org.springframework.test.context.web.ServletTestExecutionListener, org.springframework.test.context.support.DirtiesContextBeforeModesTestExecutionListener, org.springframework.test.context.support.DependencyInjectionTestExecutionListener, org.springframework.test.context.support.DirtiesContextTestExecutionListener, org.springframework.test.context.transaction.TransactionalTestExecutionListener, org.springframework.test.context.jdbc.SqlScriptsTestExecutionListener]
14:26:49.608 [Test worker] INFO org.springframework.boot.test.context.SpringBootTestContextBootstrapper - Using TestExecutionListeners: [org.springframework.test.context.web.ServletTestExecutionListener@4d2362c7, org.springframework.test.context.support.DirtiesContextBeforeModesTestExecutionListener@5bc8488e, org.springframework.boot.test.mock.mockito.MockitoTestExecutionListener@34e0416c, org.springframework.boot.test.autoconfigure.SpringBootDependencyInjectionTestExecutionListener@65d58e5a, org.springframework.test.context.support.DirtiesContextTestExecutionListener@33b6ed7d, org.springframework.test.context.transaction.TransactionalTestExecutionListener@2a235fbd, org.springframework.test.context.jdbc.SqlScriptsTestExecutionListener@1cfe90b4, org.springframework.security.test.context.support.WithSecurityContextTestExecutionListener@55906a2f, org.springframework.security.test.context.support.ReactorContextTestExecutionListener@51c9a8e5, org.springframework.boot.test.autoconfigure.restdocs.RestDocsTestExecutionListener@6127cbd6, org.springframework.boot.test.autoconfigure.web.client.MockRestServiceServerResetTestExecutionListener@9b48c76, org.springframework.boot.test.autoconfigure.web.servlet.MockMvcPrintOnlyOnFailureTestExecutionListener@5f234e7d, org.springframework.boot.test.autoconfigure.web.servlet.WebDriverTestExecutionListener@43b15bfc, org.springframework.boot.test.mock.mockito.ResetMocksTestExecutionListener@1c974127]
14:26:49.608 [Test worker] DEBUG org.springframework.test.annotation.ProfileValueUtils - Retrieved @ProfileValueSourceConfiguration [null] for test class [com.agencyplatform.springboot.domain.auction.AuctionRepositoryTest]
14:26:49.608 [Test worker] DEBUG org.springframework.test.annotation.ProfileValueUtils - Retrieved ProfileValueSource type [class org.springframework.test.annotation.SystemProfileValueSource] for class [com.agencyplatform.springboot.domain.auction.AuctionRepositoryTest]
14:26:49.608 [Test worker] DEBUG org.springframework.test.annotation.ProfileValueUtils - Retrieved @ProfileValueSourceConfiguration [null] for test class [com.agencyplatform.springboot.domain.auction.AuctionRepositoryTest]
14:26:49.608 [Test worker] DEBUG org.springframework.test.annotation.ProfileValueUtils - Retrieved ProfileValueSource type [class org.springframework.test.annotation.SystemProfileValueSource] for class [com.agencyplatform.springboot.domain.auction.AuctionRepositoryTest]
14:26:49.608 [Test worker] DEBUG org.springframework.test.annotation.ProfileValueUtils - Retrieved @ProfileValueSourceConfiguration [null] for test class [com.agencyplatform.springboot.domain.auction.AuctionRepositoryTest]
14:26:49.624 [Test worker] DEBUG org.springframework.test.annotation.ProfileValueUtils - Retrieved ProfileValueSource type [class org.springframework.test.annotation.SystemProfileValueSource] for class [com.agencyplatform.springboot.domain.auction.AuctionRepositoryTest]
14:26:49.624 [Test worker] DEBUG org.springframework.test.context.support.AbstractDirtiesContextTestExecutionListener - Before test class: context [DefaultTestContext@552f6aba testClass = AuctionRepositoryTest, testInstance = [null], testMethod = [null], testException = [null], mergedContextConfiguration = [WebMergedContextConfiguration@736800c2 testClass = AuctionRepositoryTest, locations = '{}', classes = '{class com.agencyplatform.springboot.Application}', contextInitializerClasses = '[]', activeProfiles = '{}', propertySourceLocations = '{}', propertySourceProperties = '{org.springframework.boot.test.context.SpringBootTestContextBootstrapper=true}', contextCustomizers = set[org.springframework.boot.test.autoconfigure.properties.PropertyMappingContextCustomizer@0, org.springframework.boot.test.autoconfigure.web.servlet.WebDriverContextCustomizerFactory$Customizer@61db27cf, org.springframework.boot.test.context.filter.ExcludeFilterContextCustomizer@1150eed9, org.springframework.boot.test.json.DuplicateJsonObjectContextCustomizerFactory$DuplicateJsonObjectContextCustomizer@4008a508, org.springframework.boot.test.mock.mockito.MockitoContextCustomizer@0, org.springframework.boot.test.web.client.TestRestTemplateContextCustomizer@297445c5], resourceBasePath = 'src/main/webapp', contextLoader = 'org.springframework.boot.test.context.SpringBootContextLoader', parent = [null]], attributes = map['org.springframework.test.context.web.ServletTestExecutionListener.activateListener' -> true]], class annotated with @DirtiesContext [false] with mode [null].
14:26:49.624 [Test worker] DEBUG org.springframework.test.annotation.ProfileValueUtils - Retrieved @ProfileValueSourceConfiguration [null] for test class [com.agencyplatform.springboot.domain.auction.AuctionRepositoryTest]
14:26:49.624 [Test worker] DEBUG org.springframework.test.annotation.ProfileValueUtils - Retrieved ProfileValueSource type [class org.springframework.test.annotation.SystemProfileValueSource] for class [com.agencyplatform.springboot.domain.auction.AuctionRepositoryTest]
14:26:49.661 [Test worker] DEBUG org.springframework.test.context.support.TestPropertySourceUtils - Adding inlined properties to environment: {spring.jmx.enabled=false, org.springframework.boot.test.context.SpringBootTestContextBootstrapper=true, server.port=-1}

  .   ____          _            __ _ _
 /\\ / ___'_ __ _ _(_)_ __  __ _ \ \ \ \
( ( )\___ | '_ | '_| | '_ \/ _` | \ \ \ \
 \\/  ___)| |_)| | | | | || (_| |  ) ) ) )
  '  |____| .__|_| |_|_| |_\__, | / / / /
 =========|_|==============|___/=/_/_/_/
 :: Spring Boot ::        (v2.1.7.RELEASE)

2020-03-11 14:26:49.993  INFO 14008 --- [    Test worker] c.a.s.d.auction.AuctionRepositoryTest    : Starting AuctionRepositoryTest on DESKTOP-TVSEPIB with PID 14008 (started by ESB1 in C:\DEV\workspaces\spring-boot-agency-service)
2020-03-11 14:26:49.993  INFO 14008 --- [    Test worker] c.a.s.d.auction.AuctionRepositoryTest    : No active profile set, falling back to default profiles: default
2020-03-11 14:26:51.088  INFO 14008 --- [    Test worker] .s.d.r.c.RepositoryConfigurationDelegate : Bootstrapping Spring Data repositories in DEFAULT mode.
2020-03-11 14:26:51.258  INFO 14008 --- [    Test worker] .s.d.r.c.RepositoryConfigurationDelegate : Finished Spring Data repository scanning in 154ms. Found 7 repository interfaces.
2020-03-11 14:26:51.890  INFO 14008 --- [    Test worker] trationDelegate$BeanPostProcessorChecker : Bean 'org.springframework.transaction.annotation.ProxyTransactionManagementConfiguration' of type [org.springframework.transaction.annotation.ProxyTransactionManagementConfiguration$$EnhancerBySpringCGLIB$$cd08f4f1] is not eligible for getting processed by all BeanPostProcessors (for example: not eligible for auto-proxying)
2020-03-11 14:26:52.191  INFO 14008 --- [    Test worker] com.zaxxer.hikari.HikariDataSource       : HikariPool-1 - Starting...
2020-03-11 14:26:52.429  INFO 14008 --- [    Test worker] com.zaxxer.hikari.HikariDataSource       : HikariPool-1 - Start completed.
2020-03-11 14:26:52.576  INFO 14008 --- [    Test worker] o.hibernate.jpa.internal.util.LogHelper  : HHH000204: Processing PersistenceUnitInfo [
	name: default
	...]
2020-03-11 14:26:52.692  INFO 14008 --- [    Test worker] org.hibernate.Version                    : HHH000412: Hibernate Core {5.3.10.Final}
2020-03-11 14:26:52.708  INFO 14008 --- [    Test worker] org.hibernate.cfg.Environment            : HHH000206: hibernate.properties not found
2020-03-11 14:26:52.946  INFO 14008 --- [    Test worker] o.hibernate.annotations.common.Version   : HCANN000001: Hibernate Commons Annotations {5.0.4.Final}
2020-03-11 14:26:53.209  INFO 14008 --- [    Test worker] org.hibernate.dialect.Dialect            : HHH000400: Using dialect: org.hibernate.dialect.MySQL5Dialect
Hibernate: drop table if exists auction
Hibernate: drop table if exists fee
Hibernate: drop table if exists log
Hibernate: drop table if exists obj
Hibernate: drop table if exists partner
Hibernate: drop table if exists payment
Hibernate: drop table if exists user
Hibernate: create table auction (auction_id bigint not null auto_increment, mod_date datetime, reg_date datetime, agent_id bigint not null, auction_amount bigint not null, compnum varchar(255) not null, end_d varchar(255) not null, obj_id bigint not null, user_id bigint not null, primary key (auction_id)) engine=MyISAM
Hibernate: create table fee (classify_m varchar(255) not null, classify_t varchar(255) not null, term integer not null, mod_date datetime, reg_date datetime, discount_r integer not null, fee bigint not null, primary key (classify_m, classify_t, term)) engine=MyISAM
Hibernate: create table log (log_id bigint not null auto_increment, reg_date datetime, id bigint not null, log_dd varchar(255) not null, role integer not null, service_date varchar(255) not null, service_no integer not null, service_time varchar(255) not null, primary key (log_id)) engine=MyISAM
Hibernate: create table obj (obj_id bigint not null auto_increment, mod_date datetime, reg_date datetime, addr_1 varchar(255) not null, addr_2 varchar(255) not null, addr_3 varchar(255) not null, amount bigint not null, bond_disc_r float not null, contract_d varchar(255) not null, discount_c varchar(255), etc varchar(255) not null, id bigint not null, kind varchar(255) not null, primary key (obj_id)) engine=MyISAM
Hibernate: create table partner (compnum varchar(255) not null, mod_date datetime, reg_date datetime, addr1_1 varchar(255) not null, addr1_2 varchar(255) not null, addr1_3 varchar(255) not null, addr2_1 varchar(255) not null, addr2_2 varchar(255) not null, addr3_1 varchar(255), addr3_2 varchar(255), email varchar(255) not null, fax varchar(255) not null, id bigint not null, license tinyblob, mobile varchar(255) not null, name varchar(255) not null, password varchar(255), phone varchar(255), primary key (compnum)) engine=MyISAM
Hibernate: create table payment (pay_id bigint not null auto_increment, reg_date datetime, amount bigint not null, classify_m varchar(255) not null, classify_t varchar(255) not null, compnum varchar(255) not null, pay_g integer not null, term integer not null, primary key (pay_id)) engine=MyISAM
Hibernate: create table user (id bigint not null auto_increment, mod_date datetime, reg_date datetime, email varchar(255) not null, mobile varchar(255) not null, name varchar(255) not null, password varchar(255), picture tinyblob, role varchar(255) not null, primary key (id)) engine=MyISAM
2020-03-11 14:26:54.366  INFO 14008 --- [    Test worker] o.h.t.schema.internal.SchemaCreatorImpl  : HHH000476: Executing import script 'org.hibernate.tool.schema.internal.exec.ScriptSourceInputNonExistentImpl@67760e1c'
2020-03-11 14:26:54.366  INFO 14008 --- [    Test worker] j.LocalContainerEntityManagerFactoryBean : Initialized JPA EntityManagerFactory for persistence unit 'default'
2020-03-11 14:26:55.615  INFO 14008 --- [    Test worker] o.s.s.web.DefaultSecurityFilterChain     : Creating filter chain: any request, [org.springframework.security.web.context.request.async.WebAsyncManagerIntegrationFilter@543824ca, org.springframework.security.web.context.SecurityContextPersistenceFilter@5eb7a734, org.springframework.security.web.header.HeaderWriterFilter@33b247c2, org.springframework.security.web.authentication.logout.LogoutFilter@1c3cc0d3, org.springframework.security.oauth2.client.web.OAuth2AuthorizationRequestRedirectFilter@6af2632b, org.springframework.security.oauth2.client.web.OAuth2LoginAuthenticationFilter@56b6bb6e, org.springframework.security.web.authentication.ui.DefaultLoginPageGeneratingFilter@5321a964, org.springframework.security.web.authentication.ui.DefaultLogoutPageGeneratingFilter@6724331d, org.springframework.security.web.savedrequest.RequestCacheAwareFilter@84eafb8, org.springframework.security.web.servletapi.SecurityContextHolderAwareRequestFilter@25005abe, org.springframework.security.web.authentication.AnonymousAuthenticationFilter@786acf26, org.springframework.security.web.session.SessionManagementFilter@5db00301, org.springframework.security.web.access.ExceptionTranslationFilter@3946a8ae, org.springframework.security.web.access.intercept.FilterSecurityInterceptor@2f3c3cab]
2020-03-11 14:26:56.624  INFO 14008 --- [    Test worker] o.s.s.concurrent.ThreadPoolTaskExecutor  : Initializing ExecutorService 'applicationTaskExecutor'
2020-03-11 14:26:56.714  WARN 14008 --- [    Test worker] aWebConfiguration$JpaWebMvcConfiguration : spring.jpa.open-in-view is enabled by default. Therefore, database queries may be performed during view rendering. Explicitly configure spring.jpa.open-in-view to disable this warning
2020-03-11 14:26:56.925  WARN 14008 --- [    Test worker] o.s.b.a.m.MustacheAutoConfiguration      : Cannot find template location: classpath:/templates/ (please add some templates, check your Mustache configuration, or set spring.mustache.check-template-location=false)
2020-03-11 14:26:57.546  INFO 14008 --- [    Test worker] s.a.ScheduledAnnotationBeanPostProcessor : No TaskScheduler/ScheduledExecutorService bean found for scheduled processing
2020-03-11 14:26:57.558  INFO 14008 --- [    Test worker] c.a.s.d.auction.AuctionRepositoryTest    : Started AuctionRepositoryTest in 7.881 seconds (JVM running for 9.253)
Hibernate: insert into auction (mod_date, reg_date, agent_id, auction_amount, compnum, end_d, obj_id, user_id) values (?, ?, ?, ?, ?, ?, ?, ?)
2020-03-11 14:26:57.789  INFO 14008 --- [    Test worker] o.h.h.i.QueryTranslatorFactoryInitiator  : HHH000397: Using ASTQueryTranslatorFactory
Hibernate: select auction0_.auction_id as auction_1_0_, auction0_.mod_date as mod_date2_0_, auction0_.reg_date as reg_date3_0_, auction0_.agent_id as agent_id4_0_, auction0_.auction_amount as auction_5_0_, auction0_.compnum as compnum6_0_, auction0_.end_d as end_d7_0_, auction0_.obj_id as obj_id8_0_, auction0_.user_id as user_id9_0_ from auction auction0_
>>>>>>>>>>>>> createDate=2020-03-11T14:26:57.717
Hibernate: select auction0_.auction_id as auction_1_0_, auction0_.mod_date as mod_date2_0_, auction0_.reg_date as reg_date3_0_, auction0_.agent_id as agent_id4_0_, auction0_.auction_amount as auction_5_0_, auction0_.compnum as compnum6_0_, auction0_.end_d as end_d7_0_, auction0_.obj_id as obj_id8_0_, auction0_.user_id as user_id9_0_ from auction auction0_
Hibernate: delete from auction where auction_id=?
]]></system-out>
  <system-err><![CDATA[]]></system-err>
</testsuite>
