<?xml version="1.0" encoding="UTF-8"?>
<testsuite name="com.inzent.echo.rest.springboot.web.dto.IndexResponseDtoTest" tests="1" skipped="0" failures="0" errors="0" timestamp="2020-03-03T03:38:04" hostname="DESKTOP-TVSEPIB" time="0.064">
  <properties/>
  <testcase name="lombok_test" classname="com.inzent.echo.rest.springboot.web.dto.IndexResponseDtoTest" time="0.064"/>
  <system-out><![CDATA[]]></system-out>
  <system-err><![CDATA[]]></system-err>
</testsuite>
